0 info it worked if it ends with ok
1 verbose cli [ 'node', '/usr/local/bin/npm', 'publish' ]
2 info using npm@1.4.28
3 info using node@v0.10.32
4 verbose publish [ '.' ]
5 verbose cache add [ '.', null ]
6 verbose cache add name=undefined spec="." args=[".",null]
7 verbose parsed url { protocol: null,
7 verbose parsed url   slashes: null,
7 verbose parsed url   auth: null,
7 verbose parsed url   host: null,
7 verbose parsed url   port: null,
7 verbose parsed url   hostname: null,
7 verbose parsed url   hash: null,
7 verbose parsed url   search: null,
7 verbose parsed url   query: null,
7 verbose parsed url   pathname: '.',
7 verbose parsed url   path: '.',
7 verbose parsed url   href: '.' }
8 silly lockFile 3a52ce78- .
9 verbose lock . /Users/koopa/.npm/3a52ce78-.lock
10 verbose tar pack [ '/Users/koopa/.npm/dash-image-magician/1.0.0/package.tgz',
10 verbose tar pack   '.' ]
11 verbose tarball /Users/koopa/.npm/dash-image-magician/1.0.0/package.tgz
12 verbose folder .
13 info prepublish dash-image-magician@1.0.0
14 silly lockFile 1f1177db-tar tar://.
15 verbose lock tar://. /Users/koopa/.npm/1f1177db-tar.lock
16 silly lockFile 815ea474-image-magician-1-0-0-package-tgz tar:///Users/koopa/.npm/dash-image-magician/1.0.0/package.tgz
17 verbose lock tar:///Users/koopa/.npm/dash-image-magician/1.0.0/package.tgz /Users/koopa/.npm/815ea474-image-magician-1-0-0-package-tgz.lock
18 silly lockFile 1f1177db-tar tar://.
19 silly lockFile 1f1177db-tar tar://.
20 silly lockFile 815ea474-image-magician-1-0-0-package-tgz tar:///Users/koopa/.npm/dash-image-magician/1.0.0/package.tgz
21 silly lockFile 815ea474-image-magician-1-0-0-package-tgz tar:///Users/koopa/.npm/dash-image-magician/1.0.0/package.tgz
22 silly lockFile a0a1c6cd-ash-image-magician-1-0-0-package /Users/koopa/.npm/dash-image-magician/1.0.0/package
23 verbose lock /Users/koopa/.npm/dash-image-magician/1.0.0/package /Users/koopa/.npm/a0a1c6cd-ash-image-magician-1-0-0-package.lock
24 silly lockFile a0a1c6cd-ash-image-magician-1-0-0-package /Users/koopa/.npm/dash-image-magician/1.0.0/package
25 silly lockFile a0a1c6cd-ash-image-magician-1-0-0-package /Users/koopa/.npm/dash-image-magician/1.0.0/package
26 silly lockFile 3a52ce78- .
27 silly lockFile 3a52ce78- .
28 silly publish { name: 'dash-image-magician',
28 silly publish   version: '1.0.0',
28 silly publish   private: true,
28 silly publish   description: 'Dash custom version of graphics magick (imagemagick) that adds features we need.',
28 silly publish   main: 'index.js',
28 silly publish   scripts: { test: 'NODE_ENV=testing mocha -R spec test' },
28 silly publish   repository: '',
28 silly publish   author:
28 silly publish    { name: 'Nathan Bowser',
28 silly publish      email: 'nathan.bowser@spiderstrategies.com' },
28 silly publish   license: 'BSD',
28 silly publish   devDependencies: { mocha: '^2.1.0' },
28 silly publish   dependencies: { gm: '^1.17.0' },
28 silly publish   readme: 'Image magician is a module built on top of graphics/image magic, extending gm thumbnail and buffer support.\n',
28 silly publish   readmeFilename: 'README.md',
28 silly publish   gitHead: '18d221f08cb84e059f06446c2a8e499c0e01b7f0',
28 silly publish   _id: 'dash-image-magician@1.0.0',
28 silly publish   _shasum: 'e889814472655afc50c01a66d77f5105a7f06d6c',
28 silly publish   _from: '.' }
29 error Error: This package has been marked as private
29 error Remove the 'private' field from the package.json to publish it.
29 error     at publish_ (/usr/local/lib/node_modules/npm/lib/publish.js:91:31)
29 error     at Array.1 (/usr/local/lib/node_modules/npm/node_modules/slide/lib/bind-actor.js:15:8)
29 error     at LOOP (/usr/local/lib/node_modules/npm/node_modules/slide/lib/chain.js:15:14)
29 error     at LOOP (/usr/local/lib/node_modules/npm/node_modules/slide/lib/chain.js:14:28)
29 error     at chain (/usr/local/lib/node_modules/npm/node_modules/slide/lib/chain.js:20:5)
29 error     at /usr/local/lib/node_modules/npm/lib/publish.js:57:5
29 error     at /usr/local/lib/node_modules/npm/node_modules/inflight/inflight.js:22:7
29 error     at Array.forEach (native)
29 error     at res (/usr/local/lib/node_modules/npm/node_modules/inflight/inflight.js:21:9)
29 error     at f (/usr/local/lib/node_modules/npm/node_modules/once/once.js:16:25)
30 error If you need help, you may report this *entire* log,
30 error including the npm and node versions, at:
30 error     <http://github.com/npm/npm/issues>
31 error System Darwin 13.4.0
32 error command "node" "/usr/local/bin/npm" "publish"
33 error cwd /Users/koopa/dev/dash/dash-image-magician
34 error node -v v0.10.32
35 error npm -v 1.4.28
36 verbose exit [ 1, true ]
